2026-02-20 21:00:48-0700: Running with following config:
allowResignation = true
lagBuffer = 1.0
logAllGTPCommunication = true
logDir = gtp_logs
logSearchInfo = true
logSearchInfoForChosenMove = false
logToStderr = false
maxTimePondering = 60.0
maxVisits = 500
numSearchThreads = 6
ponderingEnabled = false
resignConsecTurns = 3
resignThreshold = -0.90
rules = tromp-taylor
searchFactorAfterOnePass = 0.50
searchFactorAfterTwoPass = 0.25
searchFactorWhenWinning = 0.40
searchFactorWhenWinningThreshold = 0.95

2026-02-20 21:00:48-0700: GTP Engine starting...
2026-02-20 21:00:48-0700: KataGo v1.16.4
2026-02-20 21:00:48-0700: Using TrompTaylor rules initially, unless GTP/GUI overrides this
2026-02-20 21:00:48-0700: Using 6 CPU thread(s) for search
2026-02-20 21:00:48-0700: nnRandSeed0 = 13561787923481541087
2026-02-20 21:00:48-0700: After dedups: nnModelFile0 = /opt/homebrew/Cellar/katago/1.16.4/share/katago/kata1-b18c384nbt-s9996604416-d4316597426.bin.gz useFP16 auto useNHWC auto
2026-02-20 21:00:48-0700: Initializing neural net buffer to be size 19 * 19 exactly
2026-02-20 21:00:49-0700: Loaded neural net with nnXLen 19 nnYLen 19
2026-02-20 21:00:49-0700: Initializing board with boardXSize 19 boardYSize 19
2026-02-20 21:00:49-0700: Loaded config /opt/homebrew/Cellar/katago/1.16.4/share/katago/configs/gtp_example.cfg
2026-02-20 21:00:49-0700: Loaded model /opt/homebrew/Cellar/katago/1.16.4/share/katago/kata1-b18c384nbt-s9996604416-d4316597426.bin.gz
2026-02-20 21:00:49-0700: Model name: kata1-b18c384nbt-s9996604416-d4316597426
2026-02-20 21:00:49-0700: GTP ready, beginning main protocol loop
2026-02-20 21:00:49-0700: Controller: name
2026-02-20 21:00:49-0700: = KataGo
2026-02-20 21:00:49-0700: Controller: quit
2026-02-20 21:00:49-0700: Quit requested by controller
2026-02-20 21:00:49-0700: = 
2026-02-20 21:00:49-0700: GPU -1 finishing, processed 0 rows 0 batches
2026-02-20 21:00:49-0700: All cleaned up, quitting
